Total number of processors are 4 
Array A is =
  1.00   1.00   0.00   1.00  -1.00   1.00   1.00   0.00 
  0.00   1.00  -1.00   1.00  -1.00   1.00  -1.00   1.00 
  0.00   0.00   1.00   1.00  -1.00  -1.00   0.00   0.00 
 -1.00  -1.00  -1.00   1.00   1.00   1.00  -1.00   0.00 
  0.00   0.00  -1.00   0.00   1.00   1.00   1.00   1.00 
  0.00   0.00   0.00  -1.00  -1.00   1.00  -1.00  -1.00 
 -1.00   0.00  -1.00   1.00   1.00  -1.00  -1.00   0.00 
 -1.00  -1.00   1.00   1.00   0.00   0.00  -1.00   0.00 
******************************************************
Result Matrix:

 14.00     8.00    11.00   -24.00   -20.00     4.00     4.00   -14.00   
 23.00    21.00    20.00   -14.00   -33.00   -17.00    12.00   -13.00   
 -7.00   -12.00    -2.00    -3.00    17.00    -1.00     4.00     1.00   
 13.00    21.00     3.00    -1.00   -11.00   -17.00    14.00     3.00   
  9.00     7.00     6.00   -18.00    -6.00    -4.00    10.00    -5.00   
  6.00    19.00     2.00    32.00   -28.00    -6.00   -13.00     3.00   
  1.00    -2.00    -1.00   -16.00     9.00    -1.00     9.00     0.00   
 -1.00     3.00    -1.00    12.00    10.00   -18.00    11.00     8.00   
******************************************************
Done.

The total communication time = 0.000040 seconds

The total computation time = 0.000143 seconds

The total running time = 0.000183 seconds
Job complete
